Base path: '/Applications/Unity/Unity.app/Contents', plugins path '/Applications/Unity/Unity.app/Contents/PlaybackEngines'
Cmd: initializeCompiler
Cmd: compileComputeKernel
  api=14 insize=12109 outsize=2854 ok=1
Cmd: translateComputeKernel
  api=14 insize=3829 outsize=4279 ok=1
Cmd: compileComputeKernel
  api=14 insize=11985 outsize=3293 ok=1
Cmd: compileComputeKernel
  api=14 insize=11985 outsize=3004 ok=1
Cmd: translateComputeKernel
  api=14 insize=3008 outsize=3536 ok=1
Cmd: translateComputeKernel
  api=14 insize=2952 outsize=3432 ok=1
Cmd: compileComputeKernel
  api=14 insize=18301 outsize=4919 ok=1
Cmd: translateComputeKernel
  api=14 insize=4973 outsize=8081 ok=1
Cmd: compileComputeKernel
  api=14 insize=66874 outsize=5415 ok=1
Cmd: compileComputeKernel
  api=14 insize=66874 outsize=3933 ok=1
Cmd: compileComputeKernel
  api=14 insize=66874 outsize=3456 ok=1
Cmd: compileComputeKernel
  api=14 insize=66874 outsize=3501 ok=1
Cmd: compileComputeKernel
  api=14 insize=66874 outsize=3491 ok=1
Cmd: compileComputeKernel
  api=14 insize=66874 outsize=3909 ok=1
Cmd: compileComputeKernel
  api=14 insize=66874 outsize=4051 ok=1
Cmd: compileComputeKernel
  api=14 insize=66874 outsize=4085 ok=1
Cmd: compileComputeKernel
  api=14 insize=66874 outsize=3526 ok=1
Cmd: compileComputeKernel
  api=14 insize=66874 outsize=3559 ok=1
Cmd: translateComputeKernel
  api=14 insize=5725 outsize=7247 ok=1
Cmd: translateComputeKernel
  api=14 insize=4548 outsize=4309 ok=1
Cmd: translateComputeKernel
  api=14 insize=4137 outsize=3751 ok=1
Cmd: translateComputeKernel
  api=14 insize=4444 outsize=4297 ok=1
Cmd: translateComputeKernel
  api=14 insize=4142 outsize=3785 ok=1
Cmd: translateComputeKernel
  api=14 insize=4560 outsize=4476 ok=1
Cmd: translateComputeKernel
  api=14 insize=5138 outsize=5756 ok=1
Cmd: translateComputeKernel
  api=14 insize=4877 outsize=5255 ok=1
Cmd: translateComputeKernel
  api=14 insize=4881 outsize=5400 ok=1
Cmd: compileComputeKernel
  api=14 insize=72903 outsize=4088 ok=1
Cmd: compileComputeKernel
  api=14 insize=34089 outsize=1150 ok=1
Cmd: compileComputeKernel
  api=14 insize=34089 outsize=2504 ok=1
Cmd: compileComputeKernel
  api=14 insize=34089 outsize=2173 ok=1
Cmd: compileComputeKernel
  api=14 insize=34089 outsize=2706 ok=1
Cmd: compileComputeKernel
  api=14 insize=34089 outsize=2992 ok=1
Cmd: compileComputeKernel
  api=14 insize=34089 outsize=2831 ok=1
Cmd: compileComputeKernel
  api=14 insize=34089 outsize=2778 ok=1
Cmd: translateComputeKernel
  api=14 insize=2407 outsize=2165 ok=1
Cmd: translateComputeKernel
  api=14 insize=2438 outsize=2187 ok=1
Cmd: translateComputeKernel
  api=14 insize=2552 outsize=2383 ok=1
Cmd: translateComputeKernel
  api=14 insize=2383 outsize=2079 ok=1
Cmd: translateComputeKernel
  api=14 insize=3527 outsize=4297 ok=1
Cmd: translateComputeKernel
  api=14 insize=3068 outsize=3394 ok=1
Cmd: translateComputeKernel
  api=14 insize=2944 outsize=3196 ok=1
Cmd: translateComputeKernel
  api=14 insize=2961 outsize=3218 ok=1
Cmd: compileComputeKernel
  api=14 insize=79248 outsize=23562 ok=1
Cmd: translateComputeKernel
  api=14 insize=11439 outsize=21013 ok=1
Cmd: translateComputeKernel
  api=14 insize=36252 outsize=70970 ok=1
Cmd: translateComputeKernel
  api=14 insize=3072 outsize=3978 ok=1
