Base path: '/Applications/Unity/Unity.app/Contents', plugins path '/Applications/Unity/Unity.app/Contents/PlaybackEngines'
Cmd: initializeCompiler
Cmd: compileComputeKernel
  api=14 insize=12109 outsize=3286 ok=1
Cmd: compileComputeKernel
  api=14 insize=12109 outsize=2988 ok=1
Cmd: translateComputeKernel
  api=14 insize=4522 outsize=5724 ok=1
Cmd: compileComputeKernel
  api=14 insize=11985 outsize=2853 ok=1
Cmd: compileComputeKernel
  api=14 insize=11985 outsize=2916 ok=1
Cmd: translateComputeKernel
  api=14 insize=2923 outsize=3393 ok=1
Cmd: translateComputeKernel
  api=14 insize=2953 outsize=3434 ok=1
Cmd: compileComputeKernel
  api=14 insize=18301 outsize=7409 ok=1
Cmd: translateComputeKernel
  api=14 insize=7503 outsize=13545 ok=1
Cmd: compileComputeKernel
  api=14 insize=66874 outsize=4763 ok=1
Cmd: compileComputeKernel
  api=14 insize=66874 outsize=3593 ok=1
Cmd: compileComputeKernel
  api=14 insize=66874 outsize=3933 ok=1
Cmd: compileComputeKernel
  api=14 insize=66874 outsize=3419 ok=1
Cmd: compileComputeKernel
  api=14 insize=66874 outsize=3763 ok=1
Cmd: compileComputeKernel
  api=14 insize=66874 outsize=3679 ok=1
Cmd: compileComputeKernel
  api=14 insize=66874 outsize=3496 ok=1
Cmd: compileComputeKernel
  api=14 insize=66874 outsize=4051 ok=1
Cmd: compileComputeKernel
  api=14 insize=66874 outsize=4085 ok=1
Cmd: compileComputeKernel
  api=14 insize=66874 outsize=3433 ok=1
Cmd: compileComputeKernel
  api=14 insize=66874 outsize=3912 ok=1
Cmd: translateComputeKernel
  api=14 insize=15865 outsize=28113 ok=1
Cmd: translateComputeKernel
  api=14 insize=8155 outsize=13705 ok=1
Cmd: compileComputeKernel
  api=14 insize=34089 outsize=1156 ok=1
Cmd: compileComputeKernel
  api=14 insize=34089 outsize=1622 ok=1
Cmd: compileComputeKernel
  api=14 insize=34089 outsize=2268 ok=1
Cmd: compileComputeKernel
  api=14 insize=34089 outsize=2309 ok=1
Cmd: compileComputeKernel
  api=14 insize=34089 outsize=3019 ok=1
Cmd: compileComputeKernel
  api=14 insize=34089 outsize=2937 ok=1
Cmd: compileComputeKernel
  api=14 insize=34089 outsize=2841 ok=1
Cmd: translateComputeKernel
  api=14 insize=2404 outsize=2141 ok=1
Cmd: translateComputeKernel
  api=14 insize=2577 outsize=2347 ok=1
Cmd: translateComputeKernel
  api=14 insize=1458 outsize=1302 ok=1
Cmd: translateComputeKernel
  api=14 insize=2925 outsize=3160 ok=1
Cmd: translateComputeKernel
  api=14 insize=3130 outsize=3611 ok=1
Cmd: translateComputeKernel
  api=14 insize=3045 outsize=3516 ok=1
Cmd: translateComputeKernel
  api=14 insize=2909 outsize=3345 ok=1
Cmd: compileComputeKernel
  api=14 insize=79248 outsize=12737 ok=1
Cmd: compileComputeKernel
  api=14 insize=79248 outsize=36218 ok=1
Cmd: translateComputeKernel
  api=14 insize=23519 outsize=47660 ok=1
Cmd: compileComputeKernel
  api=14 insize=4442 outsize=2948 ok=1
Cmd: compileSnippet
  api=14 type=1 insize=1602 outsize=15697 kw=UNITY_PASS_FORWARDBASE DIRECTIONAL SHADOWS_SCREEN LIGHTPROBE_SH pd=UNITY_ENABLE_REFLECTION_BUFFERS UNITY_USE_DITHER_MASK_FOR_ALPHABLENDED_SHADOWS UNITY_PBS_USE_BRDF1 UNITY_SPECCUBE_BOX_PROJECTION UNITY_SPECCUBE_BLENDING UNITY_ENABLE_DETAIL_NORMALMAP SHADER_API_DESKTOP UNITY_COLORSPACE_GAMMA UNITY_LIGHT_PROBE_PROXY_VOLUME UNITY_LIGHTMAP_FULL_HDR ok=1

Quitting shader compiler process
