Base path: '/Applications/Unity/Unity.app/Contents', plugins path '/Applications/Unity/Unity.app/Contents/PlaybackEngines'
Cmd: initializeCompiler
Cmd: compileComputeKernel
  api=14 insize=12109 outsize=3203 ok=1
Cmd: translateComputeKernel
  api=14 insize=3830 outsize=4087 ok=1
Cmd: compileComputeKernel
  api=14 insize=11985 outsize=2853 ok=1
Cmd: compileComputeKernel
  api=14 insize=11985 outsize=2882 ok=1
Cmd: translateComputeKernel
  api=14 insize=2923 outsize=3389 ok=1
Cmd: translateComputeKernel
  api=14 insize=2957 outsize=3438 ok=1
Cmd: compileComputeKernel
  api=14 insize=18301 outsize=4787 ok=1
Cmd: translateComputeKernel
  api=14 insize=5117 outsize=8333 ok=1
Cmd: compileComputeKernel
  api=14 insize=66874 outsize=3711 ok=1
Cmd: compileComputeKernel
  api=14 insize=66874 outsize=3621 ok=1
Cmd: compileComputeKernel
  api=14 insize=66874 outsize=3467 ok=1
Cmd: compileComputeKernel
  api=14 insize=66874 outsize=3742 ok=1
Cmd: compileComputeKernel
  api=14 insize=66874 outsize=3763 ok=1
Cmd: compileComputeKernel
  api=14 insize=66874 outsize=4093 ok=1
Cmd: compileComputeKernel
  api=14 insize=66874 outsize=4051 ok=1
Cmd: compileComputeKernel
  api=14 insize=66874 outsize=4088 ok=1
Cmd: compileComputeKernel
  api=14 insize=66874 outsize=4230 ok=1
Cmd: compileComputeKernel
  api=14 insize=66874 outsize=5052 ok=1
Cmd: compileComputeKernel
  api=14 insize=66874 outsize=3053 ok=1
Cmd: translateComputeKernel
  api=14 insize=5598 outsize=6740 ok=1
Cmd: translateComputeKernel
  api=14 insize=4244 outsize=4124 ok=1
Cmd: translateComputeKernel
  api=14 insize=4364 outsize=4125 ok=1
Cmd: translateComputeKernel
  api=14 insize=4123 outsize=3722 ok=1
Cmd: translateComputeKernel
  api=14 insize=4196 outsize=3826 ok=1
Cmd: translateComputeKernel
  api=14 insize=4124 outsize=3748 ok=1
Cmd: translateComputeKernel
  api=14 insize=4141 outsize=3771 ok=1
Cmd: translateComputeKernel
  api=14 insize=4698 outsize=4961 ok=1
Cmd: translateComputeKernel
  api=14 insize=4735 outsize=5013 ok=1
Cmd: translateComputeKernel
  api=14 insize=4139 outsize=3758 ok=1
Cmd: translateComputeKernel
  api=14 insize=4159 outsize=3919 ok=1
Cmd: translateComputeKernel
  api=14 insize=4565 outsize=4463 ok=1
Cmd: translateComputeKernel
  api=14 insize=3734 outsize=2956 ok=1
Cmd: compileComputeKernel
  api=14 insize=72903 outsize=9640 ok=1
Cmd: translateComputeKernel
  api=14 insize=14069 outsize=26750 ok=1
Cmd: compileComputeKernel
  api=14 insize=34089 outsize=2152 ok=1
Cmd: compileComputeKernel
  api=14 insize=34089 outsize=2278 ok=1
Cmd: compileComputeKernel
  api=14 insize=34089 outsize=2495 ok=1
Cmd: compileComputeKernel
  api=14 insize=34089 outsize=2741 ok=1
Cmd: compileComputeKernel
  api=14 insize=34089 outsize=2992 ok=1
Cmd: compileComputeKernel
  api=14 insize=34089 outsize=2914 ok=1
Cmd: compileComputeKernel
  api=14 insize=34089 outsize=2720 ok=1
Cmd: compileComputeKernel
  api=14 insize=34089 outsize=2796 ok=1
Cmd: translateComputeKernel
  api=14 insize=2401 outsize=2145 ok=1
Cmd: translateComputeKernel
  api=14 insize=2426 outsize=2153 ok=1
Cmd: translateComputeKernel
  api=14 insize=2368 outsize=2069 ok=1
Cmd: translateComputeKernel
  api=14 insize=2445 outsize=2207 ok=1
Cmd: translateComputeKernel
  api=14 insize=3121 outsize=3447 ok=1
Cmd: translateComputeKernel
  api=14 insize=2933 outsize=3384 ok=1
Cmd: translateComputeKernel
  api=14 insize=2881 outsize=3307 ok=1
Cmd: translateComputeKernel
  api=14 insize=2961 outsize=3218 ok=1
Cmd: compileComputeKernel
  api=14 insize=79248 outsize=28029 ok=1
Cmd: translateComputeKernel
  api=14 insize=26211 outsize=53830 ok=1
Cmd: compileComputeKernel
  api=14 insize=4442 outsize=3014 ok=1

Quitting shader compiler process
