Base path: '/Applications/Unity/Unity.app/Contents', plugins path '/Applications/Unity/Unity.app/Contents/PlaybackEngines'
Cmd: initializeCompiler
Cmd: compileComputeKernel
  api=14 insize=12109 outsize=2827 ok=1
Cmd: translateComputeKernel
  api=14 insize=2985 outsize=2782 ok=1
Cmd: translateComputeKernel
  api=14 insize=4138 outsize=5503 ok=1
Cmd: compileComputeKernel
  api=14 insize=11985 outsize=2853 ok=1
Cmd: compileComputeKernel
  api=14 insize=11985 outsize=2883 ok=1
Cmd: translateComputeKernel
  api=14 insize=2923 outsize=3389 ok=1
Cmd: translateComputeKernel
  api=14 insize=2960 outsize=3441 ok=1
Cmd: compileComputeKernel
  api=14 insize=18301 outsize=3785 ok=1
Cmd: translateComputeKernel
  api=14 insize=7267 outsize=12636 ok=1
Cmd: compileComputeKernel
  api=14 insize=66874 outsize=4611 ok=1
Cmd: compileComputeKernel
  api=14 insize=66874 outsize=3593 ok=1
Cmd: compileComputeKernel
  api=14 insize=66874 outsize=3779 ok=1
Cmd: compileComputeKernel
  api=14 insize=66874 outsize=3417 ok=1
Cmd: compileComputeKernel
  api=14 insize=66874 outsize=3515 ok=1
Cmd: compileComputeKernel
  api=14 insize=66874 outsize=3416 ok=1
Cmd: compileComputeKernel
  api=14 insize=66874 outsize=4051 ok=1
Cmd: compileComputeKernel
  api=14 insize=66874 outsize=4088 ok=1
Cmd: compileComputeKernel
  api=14 insize=66874 outsize=3458 ok=1
Cmd: compileComputeKernel
  api=14 insize=66874 outsize=3474 ok=1
Cmd: compileComputeKernel
  api=14 insize=66874 outsize=3559 ok=1
Cmd: translateComputeKernel
  api=14 insize=16045 outsize=28557 ok=1
Cmd: compileComputeKernel
  api=14 insize=34089 outsize=2241 ok=1
Cmd: compileComputeKernel
  api=14 insize=34089 outsize=2477 ok=1
Cmd: compileComputeKernel
  api=14 insize=34089 outsize=2146 ok=1
Cmd: compileComputeKernel
  api=14 insize=34089 outsize=2607 ok=1
Cmd: compileComputeKernel
  api=14 insize=34089 outsize=2956 ok=1
Cmd: compileComputeKernel
  api=14 insize=34089 outsize=2772 ok=1
Cmd: compileComputeKernel
  api=14 insize=34089 outsize=2783 ok=1
Cmd: compileComputeKernel
  api=14 insize=34089 outsize=2859 ok=1
Cmd: translateComputeKernel
  api=14 insize=2402 outsize=2147 ok=1
Cmd: translateComputeKernel
  api=14 insize=2386 outsize=2106 ok=1
Cmd: translateComputeKernel
  api=14 insize=1481 outsize=1350 ok=1
Cmd: translateComputeKernel
  api=14 insize=3527 outsize=4297 ok=1
Cmd: translateComputeKernel
  api=14 insize=2962 outsize=3232 ok=1
Cmd: translateComputeKernel
  api=14 insize=3251 outsize=3750 ok=1
Cmd: compileComputeKernel
  api=14 insize=79248 outsize=26177 ok=1
Cmd: translateComputeKernel
  api=14 insize=28448 outsize=59622 ok=1
Cmd: translateComputeKernel
  api=14 insize=4426 outsize=7756 ok=1
